2026/04/11 05:46:15 sandbox: using stub provider (no credentials configured)
2026/04/11 05:46:15 supervisor: started (interval=5s)
2026/04/11 05:46:15 runtime: started (sandbox=sandbox-dev)
2026/04/11 05:46:15 sandbox: starting server on 127.0.0.1:8085
2026/04/11 05:46:20 runtime: health ready → degraded
2026/04/11 05:48:44 runtime: etext agent revision task 9dd57d69-65fa-404b-93ab-f6eb9bc8eba5: created canonical revision 28c3f85e-c77f-498f-8f48-f2e5eced77f4 for doc 50aee625-039f-4045-a475-8c39168fd533
2026/04/11 05:48:46 runtime: etext agent revision task 5a282a2c-efaf-4f09-9500-db6d1fe12e09: created canonical revision d0906f49-11c4-4d40-beea-d3365e503d4e for doc 9e932cdb-a003-43ef-8103-3d6aab71ec80
2026/04/11 05:48:47 runtime: etext agent revision task 8c83a7ab-d1dd-4925-bc77-bbfccb97adf7: created canonical revision c393a088-2e49-4f4f-8584-a3e9db16d781 for doc 16f2586f-5e50-4127-8d5d-1541c75a4d52
2026/04/11 05:48:50 runtime: etext agent revision task 5ae79808-b518-43fc-9486-43f2b305a027: created canonical revision 4d59baea-7a12-41cf-b2fe-3218ef7d0ff7 for doc bca2d906-2d2b-42c4-b323-06592a43d999
2026/04/11 05:48:55 runtime: etext agent revision task 066fcaa1-f042-44e8-879d-281c76f9af0f: created canonical revision decae55b-a061-473f-b36a-7c9abe74ad09 for doc caf0744f-7a1a-4d54-b860-361b860cafd1
2026/04/11 05:48:59 runtime: etext agent revision task 0ccfd29f-62ca-48d2-85d6-822e42bb4baa: created canonical revision 4432cb3d-768a-482f-b09e-b8e663defd10 for doc 93b8fbb3-c407-4e5b-b280-067c4283129c
2026/04/11 05:49:04 runtime: etext agent revision task 8866d908-759b-401c-bc64-a1ee015db63f: created canonical revision a95ddd3e-24ce-4b4f-baa2-0d4f05199743 for doc 06c1b984-db82-40d3-bedc-b6c4a800ec36
2026/04/11 05:49:09 runtime: etext agent revision task 52cf59cb-a44a-4bc7-9f5d-e0790ec6ab39: created canonical revision bc60b4ad-a31b-439e-b083-e53babdfbe01 for doc 32be8c42-f09b-4213-ac82-7ae60c4a2f83
2026/04/11 05:49:17 runtime: etext agent revision task 88f7260b-d3d1-46d1-8a3d-18067e0c8e10: created canonical revision 6b3b94bc-d5d2-403c-8cac-0bac03f05a02 for doc 563e8f86-a949-4ebf-a35b-d9d3953225f4
2026/04/11 05:49:21 runtime: etext agent revision task 652c46bf-2b19-433a-9aeb-5ee43ebc6103: created canonical revision 88dbb01c-4826-45b1-89b7-e583fc99ed95 for doc 5d3e7762-88a3-4ee6-82d6-0dc57ba724ec
2026/04/11 11:20:21 runtime: etext agent revision task a265e97d-cf00-49ba-9063-e5e0f66645d6: created canonical revision b627fd99-5a65-4434-83ba-cf01a8dacf78 for doc 8a5015cc-7e94-484a-9260-55304c956172
2026/04/11 11:20:23 runtime: etext agent revision task 85d3693b-18ef-47e0-9e56-bc55bedae082: created canonical revision ec628f82-75c7-4695-9bd5-3c6081177eaa for doc 56ca94dc-ba83-499b-9294-d07880dcc7df
2026/04/11 11:20:24 runtime: etext agent revision task eee5eb0c-e784-4703-a2af-070ca83eedc9: created canonical revision 2af570da-d136-4573-addd-0bb6086d7d67 for doc 7bed9066-a198-43cc-90c8-2d5a988376e4
2026/04/11 11:20:27 runtime: etext agent revision task 1ddac783-b1eb-48cd-9cda-e4a7843b83b6: created canonical revision 4eb8a15f-b84e-4125-a008-2727dd4254e9 for doc 257d9c64-1b99-4c91-bde0-a88a249b9b65
2026/04/11 11:20:32 runtime: etext agent revision task b9a9300d-4f7c-4d72-8d7f-4d234b87049d: created canonical revision d1a774b7-d4eb-40e9-9218-6ca4491a5d4b for doc a0782386-3458-4c4a-9cae-6e5889609329
2026/04/11 11:20:37 runtime: etext agent revision task a48d4fe5-c0eb-4436-8136-c215e649f7d3: created canonical revision e1e4a983-87fe-4cf1-bcd2-792c5cd0c4ec for doc 94a35b84-0330-41fb-ba9c-6d80cac5b8b1
2026/04/11 11:20:41 runtime: etext agent revision task 8cf1f747-1a73-4065-9c2e-30fd421ad039: created canonical revision a22e6c84-f826-4329-8674-95f2768d0435 for doc fcac2881-7f6d-45e9-b0a1-c555d2f242b6
2026/04/11 11:20:46 runtime: etext agent revision task 26bab9e5-8162-4be8-95de-b2c702f67907: created canonical revision 527f854b-1ecf-481a-a9bc-32ca3e30089d for doc 3d4a5ba1-2b4b-4fc8-b6ba-276ba3c23da8
2026/04/11 11:20:55 runtime: etext agent revision task 8e7470dc-9c27-41d5-8d37-d1fd52693734: created canonical revision c7deea30-afc0-4959-974b-b6ea3f84194c for doc 847b94cd-6525-43b6-b01e-d42c1824bd0f
2026/04/11 11:21:00 runtime: etext agent revision task 4b4c8e9c-27ac-4cc9-95dc-727896b19794: created canonical revision 4128ca1b-03a0-495f-a86f-3c116f665103 for doc 646333dd-060f-4707-b857-83bba2bd0d27
